<?xml version="1.0" encoding="UTF-8"?>
<!-- Generated by org.testng.reporters.JUnitXMLReporter -->
<testsuite ignored="2" hostname="pc0465" failures="0" tests="1" name="Default test(failed)" time="0.181" errors="0" timestamp="2023-10-06T11:20:38 IST">
  <testcase classname="cert.baseSetup" name="@BeforeMethod setup" time="0.08">
    <failure type="java.lang.RuntimeException" message="java.net.URISyntaxException: Illegal character in authority at index 8: https://Your LT Username:Your LT AccessKey@hub.lambdatest.com/wd/hub">
      <![CDATA[java.lang.RuntimeException: java.net.URISyntaxException: Illegal character in authority at index 8: https://Your LT Username:Your LT AccessKey@hub.lambdatest.com/wd/hub
at org.openqa.selenium.remote.http.ClientConfig.baseUrl(ClientConfig.java:75)
at org.openqa.selenium.remote.RemoteWebDriver.createExecutor(RemoteWebDriver.java:184)
at org.openqa.selenium.remote.RemoteWebDriver.<init>(RemoteWebDriver.java:144)
at cert.baseSetup.setup(baseSetup.java:54)
at java.base/java.util.ArrayList.forEach(ArrayList.java:1511)
Caused by: java.net.URISyntaxException: Illegal character in authority at index 8: https://Your LT Username:Your LT AccessKey@hub.lambdatest.com/wd/hub
at java.base/java.net.URI$Parser.fail(URI.java:2976)
at java.base/java.net.URI$Parser.parseAuthority(URI.java:3310)
at java.base/java.net.URI$Parser.parseHierarchical(URI.java:3221)
at java.base/java.net.URI$Parser.parse(URI.java:3177)
at java.base/java.net.URI.<init>(URI.java:623)
at java.base/java.net.URL.toURI(URL.java:1056)
at org.openqa.selenium.remote.http.ClientConfig.baseUrl(ClientConfig.java:73)
... 35 more
... Removed 31 stack frames]]>
    </failure>
  </testcase> <!-- @BeforeMethod setup -->
  <testcase classname="cert.baseSetup" name="@AfterMethod tearDown" time="0.0">
    <skipped/>
  </testcase> <!-- @AfterMethod tearDown -->
  <testcase classname="cert.TestScenario" name="testScenario1" time="0.0">
    <skipped/>
  </testcase> <!-- testScenario1 -->
  <testcase classname="cert.TestScenario" name="testScenario2" time="0.0">
    <ignored/>
  </testcase> <!-- testScenario2 -->
  <testcase classname="cert.TestScenario" name="testScenario3" time="0.0">
    <ignored/>
  </testcase> <!-- testScenario3 -->
</testsuite> <!-- Default test(failed) -->
