<?xml version="1.0" encoding="UTF-8"?>
<!-- Generated by org.testng.reporters.JUnitXMLReporter -->
<testsuite ignored="0" hostname="pc0465" failures="0" tests="3" name="Test on Chrome" time="55.019" errors="0" timestamp="2023-10-17T19:56:34 IST">
  <testcase classname="cert.TestScenario" name="testScenario1" time="16.913"/>
  <testcase classname="cert.TestScenario" name="testScenario2" time="7.983"/>
  <testcase classname="cert.TestScenario" name="testScenario3" time="24.571"/>
</testsuite> <!-- Test on Chrome -->
