<?xml version="1.0" encoding="UTF-8"?>
<!-- Generated by org.testng.reporters.JUnitXMLReporter -->
<testsuite ignored="0" hostname="pc0465" failures="0" tests="3" name="Test on Firefox" time="42.365" errors="0" timestamp="2023-10-17T17:00:37 IST">
  <testcase classname="cert.TestScenario" name="testScenario1" time="18.939"/>
  <testcase classname="cert.TestScenario" name="testScenario2" time="7.136"/>
  <testcase classname="cert.TestScenario" name="testScenario3" time="14.254"/>
</testsuite> <!-- Test on Firefox -->
